#
# There is insufficient memory for the Java Runtime Environment to continue.
# Native memory allocation (mmap) failed to map 264241152 bytes for G1 virtual space
# Possible reasons:
#   The system is out of physical RAM or swap space
#   The process is running with CompressedOops enabled, and the Java Heap may be blocking the growth of the native heap
# Possible solutions:
#   Reduce memory load on the system
#   Increase physical memory or swap space
#   Check if swap backing store is full
#   Decrease Java heap size (-Xmx/-Xms)
#   Decrease number of Java threads
#   Decrease Java thread stack sizes (-Xss)
#   Set larger code cache with -XX:ReservedCodeCacheSize=
#   JVM is running with Zero Based Compressed Oops mode in which the Java heap is
#     placed in the first 32GB address space. The Java Heap base address is the
#     maximum limit for the native heap growth. Please use -XX:HeapBaseMinAddress
#     to set the Java Heap base and to place the Java Heap above 32GB virtual address.
# This output file may be truncated or incomplete.
#
#  Out of Memory Error (os_windows.cpp:3613), pid=21324, tid=2224
#
# JRE version:  (17.0.10+7) (build )
# Java VM: OpenJDK 64-Bit Server VM (17.0.10+7-LTS, mixed mode, sharing, tiered, compressed oops, compressed class ptrs, g1 gc, windows-amd64)
# No core dump will be written. Minidumps are not enabled by default on client versions of Windows
#

---------------  S U M M A R Y ------------

Command Line: org.jetbrains.kotlin.cli.jvm.K2JVMCompiler @C:\Nike\node_modules\react-native-safe-area-context\android\build\20241123_11489827301659341279.compiler.options

Host: 11th Gen Intel(R) Core(TM) i5-11400H @ 2.70GHz, 12 cores, 15G,  Windows 11 , 64 bit Build 22621 (10.0.22621.3672)
Time: Sat Nov 23 15:46:37 2024 India Standard Time elapsed time: 0.010807 seconds (0d 0h 0m 0s)

---------------  T H R E A D  ---------------

Current thread (0x000001be26672890):  JavaThread "Unknown thread" [_thread_in_vm, id=2224, stack(0x0000004303900000,0x0000004303a00000)]

Stack: [0x0000004303900000,0x0000004303a00000]
Native frames: (J=compiled Java code, j=interpreted, Vv=VM code, C=native code)
V  [jvm.dll+0x67f829]
V  [jvm.dll+0x83750a]
V  [jvm.dll+0x838fce]
V  [jvm.dll+0x839633]
V  [jvm.dll+0x247cbf]
V  [jvm.dll+0x67c669]
V  [jvm.dll+0x6710da]
V  [jvm.dll+0x309b8b]
V  [jvm.dll+0x311036]
V  [jvm.dll+0x360d5e]
V  [jvm.dll+0x360f8f]
V  [jvm.dll+0x2e0798]
V  [jvm.dll+0x2e1704]
V  [jvm.dll+0x808d91]
V  [jvm.dll+0x36ec11]
V  [jvm.dll+0x7e7826]
V  [jvm.dll+0x3f245f]
V  [jvm.dll+0x3f4091]
C  [jli.dll+0x528f]
C  [ucrtbase.dll+0x29333]
C  [KERNEL32.DLL+0x1257d]
C  [ntdll.dll+0x5af28]


---------------  P R O C E S S  ---------------

Threads class SMR info:
_java_thread_list=0x00007fffcf941ed8, length=0, elements={
}

Java Threads: ( => current thread )

Other Threads:
  0x000001be266df0d0 GCTaskThread "GC Thread#0" [stack: 0x0000004303b00000,0x0000004303c00000] [id=14652]
  0x000001be266efc20 ConcurrentGCThread "G1 Main Marker" [stack: 0x0000004303c00000,0x0000004303d00000] [id=11744]
  0x000001be266f1650 ConcurrentGCThread "G1 Conc#0" [stack: 0x0000000000000000,0x0000000000000000] [id=22360]

[error occurred during error reporting (printing all threads), id 0xc0000005, EXCEPTION_ACCESS_VIOLATION (0xc0000005) at pc=0x00007fffcf1011d7]

VM state: not at safepoint (not fully initialized)

VM Mutex/Monitor currently owned by a thread:  ([mutex/lock_event])
[0x000001be2666f460] Heap_lock - owner thread: 0x000001be26672890

Heap address: 0x0000000704000000, size: 4032 MB, Compressed Oops mode: Zero based, Oop shift amount: 3

CDS archive(s) mapped at: [0x0000000000000000-0x0000000000000000-0x0000000000000000), size 0, SharedBaseAddress: 0x0000000800000000, ArchiveRelocationMode: 1.
Narrow klass base: 0x0000000000000000, Narrow klass shift: 0, Narrow klass range: 0x0

GC Precious Log:
<Empty>

Heap:
 garbage-first heap   total 0K, used 0K [0x0000000704000000, 0x0000000800000000)
  region size 2048K, 0 young (0K), 0 survivors (0K)

[error occurred during error reporting (printing heap information), id 0xc0000005, EXCEPTION_ACCESS_VIOLATION (0xc0000005) at pc=0x00007fffcf4e9869]

GC Heap History (0 events):
No events

Dll operation events (1 events):
Event: 0.007 Loaded shared library C:\Program Files\Microsoft\jdk-17.0.10.7-hotspot\bin\java.dll

Deoptimization events (0 events):
No events

Classes unloaded (0 events):
No events

Classes redefined (0 events):
No events

Internal exceptions (0 events):
No events

VM Operations (0 events):
No events

Events (0 events):
No events


Dynamic libraries:
0x00007ff6cefb0000 - 0x00007ff6cefbe000 	C:\Program Files\Microsoft\jdk-17.0.10.7-hotspot\bin\java.exe
0x00007ff83e8b0000 - 0x00007ff83eac7000 	C:\WINDOWS\SYSTEM32\ntdll.dll
0x00007ff83dd60000 - 0x00007ff83de24000 	C:\WINDOWS\System32\KERNEL32.DLL
0x00007ff83bbe0000 - 0x00007ff83bf8c000 	C:\WINDOWS\System32\KERNELBASE.dll
0x00007ff83c410000 - 0x00007ff83c521000 	C:\WINDOWS\System32\ucrtbase.dll
0x00007ff834490000 - 0x00007ff8344a7000 	C:\Program Files\Microsoft\jdk-17.0.10.7-hotspot\bin\jli.dll
0x00007ff83e320000 - 0x00007ff83e4ce000 	C:\WINDOWS\System32\USER32.dll
0x00007ff83c3e0000 - 0x00007ff83c406000 	C:\WINDOWS\System32\win32u.dll
0x00007ff83cf40000 - 0x00007ff83cf69000 	C:\WINDOWS\System32\GDI32.dll
0x00007ff83c100000 - 0x00007ff83c219000 	C:\WINDOWS\System32\gdi32full.dll
0x00007ff83c340000 - 0x00007ff83c3da000 	C:\WINDOWS\System32\msvcp_win.dll
0x00007ff834470000 - 0x00007ff83448b000 	C:\Program Files\Microsoft\jdk-17.0.10.7-hotspot\bin\VCRUNTIME140.dll
0x00007ff820df0000 - 0x00007ff821083000 	C:\WINDOWS\WinSxS\amd64_microsoft.windows.common-controls_6595b64144ccf1df_6.0.22621.3672_none_2713b9d173822955\COMCTL32.dll
0x00007ff83cd90000 - 0x00007ff83ce37000 	C:\WINDOWS\System32\msvcrt.dll
0x00007ff83e4d0000 - 0x00007ff83e501000 	C:\WINDOWS\System32\IMM32.DLL
0x00007ff838e10000 - 0x00007ff838e1c000 	C:\Program Files\Microsoft\jdk-17.0.10.7-hotspot\bin\vcruntime140_1.dll
0x00007ff827440000 - 0x00007ff8274cd000 	C:\Program Files\Microsoft\jdk-17.0.10.7-hotspot\bin\msvcp140.dll
0x00007fffcee10000 - 0x00007fffcfa75000 	C:\Program Files\Microsoft\jdk-17.0.10.7-hotspot\bin\server\jvm.dll
0x00007ff83e260000 - 0x00007ff83e312000 	C:\WINDOWS\System32\ADVAPI32.dll
0x00007ff83c730000 - 0x00007ff83c7da000 	C:\WINDOWS\System32\sechost.dll
0x00007ff83c310000 - 0x00007ff83c338000 	C:\WINDOWS\System32\bcrypt.dll
0x00007ff83e510000 - 0x00007ff83e625000 	C:\WINDOWS\System32\RPCRT4.dll
0x00007ff83aa70000 - 0x00007ff83aabd000 	C:\WINDOWS\SYSTEM32\POWRPROF.dll
0x00007ff81ded0000 - 0x00007ff81ded9000 	C:\WINDOWS\SYSTEM32\WSOCK32.dll
0x00007ff83dee0000 - 0x00007ff83df51000 	C:\WINDOWS\System32\WS2_32.dll
0x00007ff8340e0000 - 0x00007ff834114000 	C:\WINDOWS\SYSTEM32\WINMM.dll
0x00007ff838d10000 - 0x00007ff838d1a000 	C:\WINDOWS\SYSTEM32\VERSION.dll
0x00007ff83aa50000 - 0x00007ff83aa63000 	C:\WINDOWS\SYSTEM32\UMPDC.dll
0x00007ff83ad00000 - 0x00007ff83ad18000 	C:\WINDOWS\SYSTEM32\kernel.appcore.dll
0x00007ff8342f0000 - 0x00007ff8342fa000 	C:\Program Files\Microsoft\jdk-17.0.10.7-hotspot\bin\jimage.dll
0x00007ff8393b0000 - 0x00007ff8395e2000 	C:\WINDOWS\SYSTEM32\DBGHELP.DLL
0x00007ff83c830000 - 0x00007ff83cbb8000 	C:\WINDOWS\System32\combase.dll
0x00007ff83c650000 - 0x00007ff83c727000 	C:\WINDOWS\System32\OLEAUT32.dll
0x00007ff82e690000 - 0x00007ff82e6c2000 	C:\WINDOWS\SYSTEM32\dbgcore.DLL
0x00007ff83c220000 - 0x00007ff83c29b000 	C:\WINDOWS\System32\bcryptPrimitives.dll
0x00007ff830260000 - 0x00007ff830285000 	C:\Program Files\Microsoft\jdk-17.0.10.7-hotspot\bin\java.dll

dbghelp: loaded successfully - version: 4.0.5 - missing functions: none
symbol engine: initialized successfully - sym options: 0x614 - pdb path: .;C:\Program Files\Microsoft\jdk-17.0.10.7-hotspot\bin;C:\WINDOWS\SYSTEM32;C:\WINDOWS\WinSxS\amd64_microsoft.windows.common-controls_6595b64144ccf1df_6.0.22621.3672_none_2713b9d173822955;C:\Program Files\Microsoft\jdk-17.0.10.7-hotspot\bin\server

VM Arguments:
java_command: org.jetbrains.kotlin.cli.jvm.K2JVMCompiler @C:\Nike\node_modules\react-native-safe-area-context\android\build\20241123_11489827301659341279.compiler.options
java_class_path (initial): C:\Users\tejpr\.gradle\caches\modules-2\files-2.1\org.jetbrains.kotlin\kotlin-compiler-embeddable\1.9.24\78dab849090e6c5e2eadb6e59a11cdc28fb67a08\kotlin-compiler-embeddable-1.9.24.jar;C:\Users\tejpr\.gradle\caches\modules-2\files-2.1\org.jetbrains.kotlin\kotlin-stdlib\1.9.24\9928532f12c66ad816a625b3f9984f8368ca6d2b\kotlin-stdlib-1.9.24.jar;C:\Users\tejpr\.gradle\caches\modules-2\files-2.1\org.jetbrains.kotlin\kotlin-script-runtime\1.9.24\96771497da90fbc5af1c90fce148db2595a62502\kotlin-script-runtime-1.9.24.jar;C:\Users\tejpr\.gradle\caches\modules-2\files-2.1\org.jetbrains.kotlin\kotlin-reflect\1.6.10\1cbe9c92c12a94eea200d23c2bbaedaf3daf5132\kotlin-reflect-1.6.10.jar;C:\Users\tejpr\.gradle\caches\modules-2\files-2.1\org.jetbrains.kotlin\kotlin-daemon-embeddable\1.9.24\86685b9c5e8d170925bd9ddbdc263374a6a73281\kotlin-daemon-embeddable-1.9.24.jar;C:\Users\tejpr\.gradle\caches\modules-2\files-2.1\org.jetbrains.intellij.deps\trove4j\1.0.20200330\3afb14d5f9ceb459d724e907a21145e8ff394f02\trove4j-1.0.20200330.jar;C:\Users\tejpr\.gradle\caches\modules-2\files-2.1\org.jetbrains\annotations\13.0\919f0dfe192fb4e063e7dacadee7f8bb9a2672a9\annotations-13.0.jar
Launcher Type: SUN_STANDARD

[Global flags]
     intx CICompilerCount                          = 4                                         {product} {ergonomic}
     uint ConcGCThreads                            = 3                                         {product} {ergonomic}
     uint G1ConcRefinementThreads                  = 10                                        {product} {ergonomic}
   size_t G1HeapRegionSize                         = 2097152                                   {product} {ergonomic}
    uintx GCDrainStackTargetSize                   = 64                                        {product} {ergonomic}
   size_t InitialHeapSize                          = 264241152                                 {product} {ergonomic}
   size_t MarkStackSize                            = 4194304                                   {product} {ergonomic}
   size_t MaxHeapSize                              = 4227858432                                {product} {ergonomic}
   size_t MinHeapDeltaBytes                        = 2097152                                   {product} {ergonomic}
   size_t MinHeapSize                              = 8388608                                   {product} {ergonomic}
    uintx NonNMethodCodeHeapSize                   = 5839372                                {pd product} {ergonomic}
    uintx NonProfiledCodeHeapSize                  = 122909434                              {pd product} {ergonomic}
    uintx ProfiledCodeHeapSize                     = 122909434                              {pd product} {ergonomic}
    uintx ReservedCodeCacheSize                    = 251658240                              {pd product} {ergonomic}
     bool SegmentedCodeCache                       = true                                      {product} {ergonomic}
   size_t SoftMaxHeapSize                          = 4227858432                             {manageable} {ergonomic}
     bool UseCompressedClassPointers               = true                           {product lp64_product} {ergonomic}
     bool UseCompressedOops                        = true                           {product lp64_product} {ergonomic}
     bool UseG1GC                                  = true                                      {product} {ergonomic}
     bool UseLargePagesIndividualAllocation        = false                                  {pd product} {ergonomic}

Logging:
Log output configuration:
 #0: stdout all=warning uptime,level,tags
 #1: stderr all=off uptime,level,tags

Environment Variables:
JAVA_HOME=C:\Program Files\Microsoft\jdk-17.0.10.7-hotspot
CLASSPATH=C:\Nike\android\\gradle\wrapper\gradle-wrapper.jar
PATH=C:\Users\tejpr\AppData\Local\Temp\yarn--1732356982852-0.2740272440331353;C:\Nike\node_modules\.bin;C:\Users\tejpr\AppData\Local\Yarn\Data\link\node_modules\.bin;C:\Users\tejpr\AppData\Local\Yarn\bin;C:\Program Files\libexec\lib\node_modules\npm\bin\node-gyp-bin;C:\Program Files\lib\node_modules\npm\bin\node-gyp-bin;C:\Program Files\nodejs\node_modules\npm\bin\node-gyp-bin;C:\Program Files (x86)\Common Files\Oracle\Java\javapath;C:\Program Files\Microsoft\jdk-17.0.10.7-hotspot\bin;C:\Windows\system32;C:\Windows;C:\Windows\System32\Wbem;C:\Windows\System32\WindowsPowerShell\v1.0\;C:\Windows\System32\OpenSSH\;C:\Program Files (x86)\NVIDIA Corporation\PhysX\Common;C:\Program Files\NVIDIA Corporation\NVIDIA NvDLISR;C:\WINDOWS\system32;C:\WINDOWS;C:\WINDOWS\System32\Wbem;C:\WINDOWS\System32\WindowsPowerShell\v1.0\;C:\WINDOWS\System32\OpenSSH\;C:\ProgramData\chocolatey\bin;C:\Program Files\Git\cmd;C:\Users\tejpr\AppData\Local\Android\Sdk\platform-tools;C:\Users\tejpr\AppData\Local\Android\Sdk;C:\Users\tejpr\AppData\Roaming\nvm;C:\Program Files\nodejs;C:\Program Files\MongoDB\Server\7.0\bin;C:\Users\tejpr\AppData\Local\Android\Sdk\tools;C:\Users\tejpr\AppData\Local\Microsoft\WindowsApps;C:\Users\tejpr\AppData\Roaming\npm;C:\Users\tejpr\AppData\Local\Programs\Microsoft VS Code\bin;C:\Users\tejpr\AppData\Local\Android\Sdk\platform-tools;C:\Users\tejpr\AppData\Roaming\nvm;C:\Program Files\nodejs;C:\Program Files\MongoDB\Server\7.0\bin;
USERNAME=tejpr
LANG=en_US.UTF-8
OS=Windows_NT
PROCESSOR_IDENTIFIER=Intel64 Family 6 Model 141 Stepping 1, GenuineIntel
TMP=C:\Users\tejpr\AppData\Local\Temp
TEMP=C:\Users\tejpr\AppData\Local\Temp



Periodic native trim disabled


---------------  S Y S T E M  ---------------

OS:
 Windows 11 , 64 bit Build 22621 (10.0.22621.3672)
OS uptime: 6 days 15:03 hours
Hyper-V role detected

CPU: total 12 (initial active 12) (6 cores per cpu, 2 threads per core) family 6 model 141 stepping 1 microcode 0x50, cx8, cmov, fxsr, ht, mmx, 3dnowpref, sse, sse2, sse3, ssse3, sse4.1, sse4.2, popcnt, lzcnt, tsc, tscinvbit, avx, avx2, aes, erms, clmul, bmi1, bmi2, adx, avx512f, avx512dq, avx512cd, avx512bw, avx512vl, sha, fma, vzeroupper, avx512_vpopcntdq, avx512_vpclmulqdq, avx512_vaes, avx512_vnni, clflush, clflushopt, clwb, avx512_vbmi2, avx512_vbmi, hv
Processor Information for all 12 processors :
  Max Mhz: 2688, Current Mhz: 2688, Mhz Limit: 2688

Memory: 4k page, system-wide physical 16122M (460M free)
TotalPageFile size 19122M (AvailPageFile size 68M)
current process WorkingSet (physical memory assigned to process): 11M, peak: 11M
current process commit charge ("private bytes"): 64M, peak: 316M

vm_info: OpenJDK 64-Bit Server VM (17.0.10+7-LTS) for windows-amd64 JRE (17.0.10+7-LTS), built on Jan 10 2024 19:47:12 by "MicrosoftCorporation" with MS VC++ 16.10 / 16.11 (VS2019)

END.
